<?xml version="1.0" encoding="UTF-8"?>
<!-- Generated by org.testng.reporters.JUnitReportReporter -->
<testsuite hostname="Anish" failures="0" tests="10" name="org.sampletestng.sammtestngg" time="41.874" errors="0" timestamp="2023-02-20T19:28:30 IST" skipped="1">
  <testcase classname="org.sampletestng.sammtestngg" name="tc3" time="3.358"/>
  <system-out/>
  <testcase classname="org.sampletestng.sammtestngg" name="tc2" time="5.121"/>
  <system-out/>
  <testcase classname="org.sampletestng.sammtestngg" name="tc2" time="4.423"/>
  <system-out/>
  <testcase classname="org.sampletestng.sammtestngg" name="tc2" time="5.267"/>
  <system-out/>
  <testcase classname="org.sampletestng.sammtestngg" name="tc2" time="5.913"/>
  <system-out/>
  <testcase classname="org.sampletestng.sammtestngg" name="tc9" time="5.207"/>
  <system-out/>
  <testcase classname="org.sampletestng.sammtestngg" name="tc8" time="4.782"/>
  <system-out/>
  <testcase classname="org.sampletestng.sammtestngg" name="tc5" time="0.950"/>
  <system-out/>
  <testcase classname="org.sampletestng.sammtestngg" name="tc4" time="6.853"/>
  <system-out/>
  <testcase classname="org.sampletestng.sammtestngg" name="tc1">
    <skipped/>
  </testcase> <!-- tc1 -->
  <system-out/>
</testsuite> <!-- org.sampletestng.sammtestngg -->
