<?xml version="1.0" encoding="UTF-8"?>
<!-- Generated by org.testng.reporters.JUnitReportReporter -->
<testsuite hostname="Anish" failures="0" tests="2" name="org.sampletestng.sampleClassA" time="0.002" errors="0" timestamp="2023-02-20T18:54:05 IST" skipped="0">
  <testcase classname="org.sampletestng.sampleClassA" name="tc101" time="0.001"/>
  <system-out/>
  <testcase classname="org.sampletestng.sampleClassA" name="tc102" time="0.001"/>
  <system-out/>
</testsuite> <!-- org.sampletestng.sampleClassA -->
